<?xml version="1.0" encoding="UTF-8"?>
<testng-results skipped="0" failed="0" ignored="0" total="1" passed="1">
  <reporter-output>
  </reporter-output>
  <suite name="Default suite" duration-ms="7884" started-at="2020-01-30T07:03:52Z" finished-at="2020-01-30T07:04:00Z">
    <groups>
    </groups>
    <test name="Default test" duration-ms="7884" started-at="2020-01-30T07:03:52Z" finished-at="2020-01-30T07:04:00Z">
      <class name="DataProvider.Testing">
        <test-method status="PASS" signature="Sample()[pri:1, instance:DataProvider.Testing@1500955a]" name="Sample" duration-ms="7846" started-at="2020-01-30T07:03:52Z" finished-at="2020-01-30T07:04:00Z">
          <reporter-output>
          </reporter-output>
        </test-method> <!-- Sample -->
      </class> <!-- DataProvider.Testing -->
    </test> <!-- Default test -->
  </suite> <!-- Default suite -->
</testng-results>
